<?xml version="1.0" encoding="UTF-8"?>
<testng-results ignored="0" total="2" passed="2" failed="0" skipped="0">
  <reporter-output>
  </reporter-output>
  <suite started-at="2022-11-13T18:17:44 EST" name="Default suite" finished-at="2022-11-13T18:18:11 EST" duration-ms="26875">
    <groups>
    </groups>
    <test started-at="2022-11-13T18:17:44 EST" name="Default test" finished-at="2022-11-13T18:18:11 EST" duration-ms="26875">
      <class name="com.crm.qa.testcases.LoginPageTest">
        <test-method is-config="true" signature="setUp()[pri:0, instance:com.crm.qa.testcases.LoginPageTest@5403f35f]" started-at="2022-11-13T18:17:44 EST" name="setUp" finished-at="2022-11-13T18:17:59 EST" duration-ms="14565" status="PASS">
          <reporter-output>
          </reporter-output>
        </test-method> <!-- setUp -->
        <test-method signature="loginPageTitleTest()[pri:1, instance:com.crm.qa.testcases.LoginPageTest@5403f35f]" started-at="2022-11-13T18:17:59 EST" name="loginPageTitleTest" finished-at="2022-11-13T18:17:59 EST" duration-ms="11" status="PASS">
          <reporter-output>
          </reporter-output>
        </test-method> <!-- loginPageTitleTest -->
        <test-method is-config="true" signature="teardown()[pri:0, instance:com.crm.qa.testcases.LoginPageTest@5403f35f]" started-at="2022-11-13T18:17:59 EST" name="teardown" finished-at="2022-11-13T18:18:00 EST" duration-ms="656" status="PASS">
          <reporter-output>
          </reporter-output>
        </test-method> <!-- teardown -->
        <test-method is-config="true" signature="setUp()[pri:0, instance:com.crm.qa.testcases.LoginPageTest@5403f35f]" started-at="2022-11-13T18:18:00 EST" name="setUp" finished-at="2022-11-13T18:18:10 EST" duration-ms="10638" status="PASS">
          <reporter-output>
          </reporter-output>
        </test-method> <!-- setUp -->
        <test-method signature="loginTest()[pri:2, instance:com.crm.qa.testcases.LoginPageTest@5403f35f]" started-at="2022-11-13T18:18:10 EST" name="loginTest" finished-at="2022-11-13T18:18:11 EST" duration-ms="357" status="PASS">
          <reporter-output>
          </reporter-output>
        </test-method> <!-- loginTest -->
        <test-method is-config="true" signature="teardown()[pri:0, instance:com.crm.qa.testcases.LoginPageTest@5403f35f]" started-at="2022-11-13T18:18:11 EST" name="teardown" finished-at="2022-11-13T18:18:11 EST" duration-ms="613" status="PASS">
          <reporter-output>
          </reporter-output>
        </test-method> <!-- teardown -->
      </class> <!-- com.crm.qa.testcases.LoginPageTest -->
    </test> <!-- Default test -->
  </suite> <!-- Default suite -->
</testng-results>
